5.4088 	EXP 	Created window1 = Window(allowGUI=False, allowStencil=False, args=UNKNOWN, autoLog=True, bitsMode=UNKNOWN, blendMode='avg', color='white', colorSpace='named', fullscr=<method-wrapper '__getattribute__' of attributeSetter object at 0x1194f2dd8>, gamma=None, gammaErrorPolicy='raise', kwargs=UNKNOWN, lms=UNKNOWN, monitor=<psychopy.monitors.calibTools.Monitor object at 0x119314978>, multiSample=False, name='window1', numSamples=2, pos=[320.0, 200.0], screen=0, size=array([2560, 1600]), stereo=False, units='height', useFBO=True, useRetina=True, viewOri=0.0, viewPos=None, viewScale=None, waitBlanking=True, winType='pyglet')
5.4089 	EXP 	window1: recordFrameIntervals = False
5.5767 	EXP 	window1: recordFrameIntervals = True
5.7581 	EXP 	window1: recordFrameIntervals = False
6.0004 	EXP 	Created instrText = TextStim(__class__=<class 'psychopy.visual.text.TextStim'>, alignHoriz='center', alignVert='center', antialias=True, autoLog=True, bold=False, color='white', colorSpace='named', contrast=1.0, depth=0.0, flipHoriz=False, flipVert=False, font='Arial', fontFiles=[], height=0.1, italic=False, languageStyle='LTR', name='instrText', opacity=1.0, ori=0, pos=array([0., 0.]), rgb=array([255., 255., 255.]), text=str(...), units='height', win=Window(...), wrapWidth=1)
6.0138 	EXP 	Created target = TextStim(__class__=<class 'psychopy.visual.text.TextStim'>, alignHoriz='center', alignVert='center', antialias=True, autoLog=True, bold=False, color='white', colorSpace='named', contrast=1.0, depth=0.0, flipHoriz=False, flipVert=False, font='Arial', fontFiles=[], height=0.1, italic=False, languageStyle='LTR', name='target', opacity=1.0, ori=0, pos=array([0., 0.]), rgb=array([255., 255., 255.]), text='default text', units='height', win=Window(...), wrapWidth=1)
6.0420 	EXP 	instrText: autoDraw = True
14.2023 	EXP 	Imported stroop.xlsx as conditions, 6 conditions, 4 params
14.2027 	EXP 	Created sequence: random, trialTypes=6, nReps=5, seed=None
14.2031 	EXP 	New trial (rep=0, index=0): OrderedDict([('word', 'green'), ('colour', 'green'), ('congruent', 1), ('corrAns', 'down')])
14.2090 	DATA 	Keypress: space
14.2231 	EXP 	instrText: autoDraw = False
14.2231 	EXP 	target: color = 'green (named)'
14.2231 	EXP 	target: text = 'green'
14.6909 	EXP 	target: autoDraw = True
15.4594 	DATA 	Keypress: space
16.4934 	DATA 	Keypress: space
16.9610 	DATA 	Keypress: space
17.2116 	DATA 	Keypress: space
17.4296 	DATA 	Keypress: space
17.6266 	DATA 	Keypress: space
17.8104 	DATA 	Keypress: space
18.0770 	DATA 	Keypress: escape
18.4749 	EXP 	window1: mouseVisible = True
