6.9853 	EXP 	Created window1 = Window(allowGUI=False, allowStencil=False, args=UNKNOWN, autoLog=True, bitsMode=UNKNOWN, blendMode='avg', color='white', colorSpace='named', fullscr=<method-wrapper '__getattribute__' of attributeSetter object at 0x119531da0>, gamma=None, gammaErrorPolicy='raise', kwargs=UNKNOWN, lms=UNKNOWN, monitor=<psychopy.monitors.calibTools.Monitor object at 0x1196395f8>, multiSample=False, name='window1', numSamples=2, pos=[320.0, 200.0], screen=0, size=array([2560, 1600]), stereo=False, units='height', useFBO=True, useRetina=True, viewOri=0.0, viewPos=None, viewScale=None, waitBlanking=True, winType='pyglet')
6.9853 	EXP 	window1: recordFrameIntervals = False
7.1592 	EXP 	window1: recordFrameIntervals = True
7.3307 	WARNING 	t of last frame was 21.16ms (=1/47)
7.5100 	EXP 	window1: recordFrameIntervals = False
8.1787 	EXP 	Created instrText = TextStim(__class__=<class 'psychopy.visual.text.TextStim'>, alignHoriz='center', alignVert='center', antialias=True, autoLog=True, bold=False, color='black', colorSpace='named', contrast=1.0, depth=0.0, flipHoriz=False, flipVert=False, font='Arial', fontFiles=[], height=0.1, italic=False, languageStyle='LTR', name='instrText', opacity=1.0, ori=0, pos=array([0., 0.]), rgb=array([0., 0., 0.]), text=str(...), units='height', win=Window(...), wrapWidth=1)
8.1989 	EXP 	Created target = TextStim(__class__=<class 'psychopy.visual.text.TextStim'>, alignHoriz='center', alignVert='center', antialias=True, autoLog=True, bold=False, color='white', colorSpace='named', contrast=1.0, depth=0.0, flipHoriz=False, flipVert=False, font='Arial', fontFiles=[], height=0.1, italic=False, languageStyle='LTR', name='target', opacity=1.0, ori=0, pos=array([0., 0.]), rgb=array([255., 255., 255.]), text='default text', units='height', win=Window(...), wrapWidth=1)
8.2327 	EXP 	instrText: autoDraw = True
9.0823 	EXP 	Imported stroop.xlsx as conditions, 6 conditions, 4 params
9.0848 	EXP 	Created sequence: random, trialTypes=6, nReps=5, seed=None
9.0856 	EXP 	New trial (rep=0, index=0): OrderedDict([('word', 'blue'), ('colour', 'blue'), ('congruent', 1), ('corrAns', 'right')])
9.0927 	DATA 	Keypress: space
9.1107 	EXP 	instrText: autoDraw = False
9.1107 	EXP 	target: color = 'blue (named)'
9.1107 	EXP 	target: text = 'blue'
9.5932 	EXP 	target: autoDraw = True
11.3794 	DATA 	Keypress: roption
11.9047 	EXP 	New trial (rep=0, index=1): OrderedDict([('word', 'red'), ('colour', 'red'), ('congruent', 1), ('corrAns', 'left')])
11.9094 	DATA 	Keypress: left
11.9281 	EXP 	target: autoDraw = False
11.9281 	EXP 	target: color = 'red (named)'
11.9281 	EXP 	target: text = 'red'
12.4115 	EXP 	target: autoDraw = True
12.8136 	EXP 	New trial (rep=0, index=2): OrderedDict([('word', 'blue'), ('colour', 'red'), ('congruent', 0), ('corrAns', 'left')])
12.8176 	DATA 	Keypress: left
12.8296 	EXP 	target: autoDraw = False
12.8296 	EXP 	target: color = 'red (named)'
12.8296 	EXP 	target: text = 'blue'
13.3122 	EXP 	target: autoDraw = True
14.2476 	DATA 	Keypress: escape
14.6288 	EXP 	window1: mouseVisible = True
